
epoch 0 --------------------------

Epoch 0, Average Loss: 26.507651803977936

Test average Loss: 0.27605111258370535

Valid Result:

macro_auc:0.653468220833302, micro_auc:0.502064369951023
precision_mean:0.1519423876660919
recall_mean:0.5676392572944297
f1_mean:0.23971835493678986

Test average Loss: 0.24096852620442707

Test Result:

macro_auc:0.6559963195565381, micro_auc:0.5024066522795064
precision_mean:0.150191242416249
recall_mean:0.5729559748427673
f1_mean:0.23799571555462665


epoch 1 --------------------------

Epoch 1, Average Loss: 25.981040299176218

Test average Loss: 0.16338509929423428

Valid Result:

macro_auc:0.6636840089868339, micro_auc:0.5102741424120933
precision_mean:0.15795956071025352
recall_mean:0.5831754452444108
f1_mean:0.248586658052011

Test average Loss: 0.2310435994466146

Test Result:

macro_auc:0.6671625572924, micro_auc:0.5120677934996605
precision_mean:0.15715725806451614
recall_mean:0.5883018867924529
f1_mean:0.24805091487669056


epoch 2 --------------------------

Epoch 2, Average Loss: 25.86727248719964

Test average Loss: 0.2911312726079201

Valid Result:

macro_auc:0.6758600030443537, micro_auc:0.5283050572110877
precision_mean:0.17082066869300913
recall_mean:0.5856384994316028
f1_mean:0.26449321867111625

Test average Loss: 0.18990394592285156

Test Result:

macro_auc:0.6777333259716822, micro_auc:0.5269490823222667
precision_mean:0.16869552690340706
recall_mean:0.5891823899371069
f1_mean:0.2622914100123194


epoch 3 --------------------------

Epoch 3, Average Loss: 25.743835785474435

Test average Loss: 0.267673667596311

Valid Result:

macro_auc:0.6852353299245378, micro_auc:0.5414657090761432
precision_mean:0.1784378188414012
recall_mean:0.5964380447139068
f1_mean:0.27469458987783596

Test average Loss: 0.1888538106282552

Test Result:

macro_auc:0.687869154166029, micro_auc:0.5381016610584364
precision_mean:0.1769983686786297
recall_mean:0.600503144654088
f1_mean:0.27340931218143294


epoch 4 --------------------------

Epoch 4, Average Loss: 25.627562834447122

Test average Loss: 0.40773625276526626

Valid Result:

macro_auc:0.6908568242905635, micro_auc:0.5495893046496788
precision_mean:0.18013533918684638
recall_mean:0.6102690413035241
f1_mean:0.27816399671833847

Test average Loss: 0.1610562006632487

Test Result:

macro_auc:0.693455525278961, micro_auc:0.5459271404879892
precision_mean:0.1792230723955268
recall_mean:0.6128301886792453
f1_mean:0.2773381909261684


epoch 5 --------------------------

Epoch 5, Average Loss: 25.51333491070812

Test average Loss: 0.3718668879294882

Valid Result:

macro_auc:0.6975961816861695, micro_auc:0.5614431827827095
precision_mean:0.1845885202500986
recall_mean:0.6208791208791209
f1_mean:0.28457296687073946

Test average Loss: 0.22232129414876303

Test Result:

macro_auc:0.6999602254320975, micro_auc:0.557593626272953
precision_mean:0.18359099840581322
recall_mean:0.6228930817610063
f1_mean:0.28359533831572314


epoch 6 --------------------------

Epoch 6, Average Loss: 25.40360540032862

Test average Loss: 0.3401303194007095

Valid Result:

macro_auc:0.7041381629706133, micro_auc:0.57695905224532
precision_mean:0.18791795448159596
recall_mean:0.6335733232284957
f1_mean:0.2898626099770294

Test average Loss: 0.19693485260009766

Test Result:

macro_auc:0.7077270271748727, micro_auc:0.5736613452908454
precision_mean:0.1870604264093972
recall_mean:0.6389937106918239
f1_mean:0.2894009741646965


epoch 7 --------------------------

Epoch 7, Average Loss: 25.298053515384872

Test average Loss: 0.2939742730588329

Valid Result:

macro_auc:0.7099267358307376, micro_auc:0.5855498299302623
precision_mean:0.19338568235226686
recall_mean:0.6392572944297082
f1_mean:0.2969416941694169

Test average Loss: 0.23231033325195313

Test Result:

macro_auc:0.7116971522446127, micro_auc:0.5825216050709653
precision_mean:0.19160933799481222
recall_mean:0.6411320754716981
f1_mean:0.29504211166102284


epoch 8 --------------------------

Epoch 8, Average Loss: 25.202562354950317

Test average Loss: 0.3439995901925223

Valid Result:

macro_auc:0.7126965293906853, micro_auc:0.5910730384180048
precision_mean:0.19844220215967429
recall_mean:0.6371731716559302
f1_mean:0.3026321709786277

Test average Loss: 0.1786764653523763

Test Result:

macro_auc:0.7142548171849212, micro_auc:0.5870040606510607
precision_mean:0.19588065447545716
recall_mean:0.64
f1_mean:0.29995578481945473


epoch 9 --------------------------

Epoch 9, Average Loss: 25.11445921635723

Test average Loss: 0.4591224826112085

Valid Result:

macro_auc:0.7174360136599628, micro_auc:0.5963570965482214
precision_mean:0.20582654997245853
recall_mean:0.6371731716559302
f1_mean:0.311144007031503

Test average Loss: 0.13508824666341146

Test Result:

macro_auc:0.7170494833502824, micro_auc:0.5904238189244811
precision_mean:0.2018824280130813
recall_mean:0.6367295597484277
f1_mean:0.3065649224806202


epoch 10 --------------------------

Epoch 10, Average Loss: 25.030372410656447

Test average Loss: 0.40855493350904815

Valid Result:

macro_auc:0.7197774933786842, micro_auc:0.6007048716114902
precision_mean:0.2087021105403231
recall_mean:0.6388783630162941
f1_mean:0.3146256123163051

Test average Loss: 0.21542088826497396

Test Result:

macro_auc:0.7194680678512431, micro_auc:0.6012552499934536
precision_mean:0.20417586829953824
recall_mean:0.6396226415094339
f1_mean:0.30954192664739


epoch 11 --------------------------

Epoch 11, Average Loss: 24.94933676054753

Test average Loss: 0.2685723207434829

Valid Result:

macro_auc:0.7217916897130796, micro_auc:0.6053049171684837
precision_mean:0.2125457528713871
recall_mean:0.6381205001894658
f1_mean:0.3188790001893581

Test average Loss: 0.2117754109700521

Test Result:

macro_auc:0.7208103076361401, micro_auc:0.604726332321975
precision_mean:0.20789884226948024
recall_mean:0.6369811320754717
f1_mean:0.3134827287359168


epoch 12 --------------------------

Epoch 12, Average Loss: 24.87040229812561

Test average Loss: 0.6157226951754823

Valid Result:

macro_auc:0.7208170971641891, micro_auc:0.6064363961850023
precision_mean:0.21619159182610959
recall_mean:0.6294050776809398
f1_mean:0.3218368533229994

Test average Loss: 0.23682207743326822

Test Result:

macro_auc:0.7212586258204563, micro_auc:0.6072444859338982
precision_mean:0.21215964823270758
recall_mean:0.6311949685534591
f1_mean:0.31757483703563066


epoch 13 --------------------------

Epoch 13, Average Loss: 24.794588216272484

Test average Loss: 0.21590349625568

Valid Result:

macro_auc:0.7238925164962654, micro_auc:0.6100048880011292
precision_mean:0.22061842018142092
recall_mean:0.6312997347480106
f1_mean:0.3269711986654237

Test average Loss: 0.22537495930989584

Test Result:

macro_auc:0.723562166691853, micro_auc:0.6101183368196074
precision_mean:0.21632107600120706
recall_mean:0.6311949685534591
f1_mean:0.32221401740135486


epoch 14 --------------------------

Epoch 14, Average Loss: 24.720484298538878

Test average Loss: 0.28189273756377553

Valid Result:

macro_auc:0.7240090221618812, micro_auc:0.6123493813760286
precision_mean:0.22340640809443507
recall_mean:0.6275104206138689
f1_mean:0.32950305924488876

Test average Loss: 0.22476877848307292

Test Result:

macro_auc:0.7235509293479545, micro_auc:0.6156635379510391
precision_mean:0.21931678112343722
recall_mean:0.6266666666666667
f1_mean:0.32492010695884693


epoch 15 --------------------------

Epoch 15, Average Loss: 24.649239019568697

Test average Loss: 0.2525264973543128

Valid Result:

macro_auc:0.7240206189684126, micro_auc:0.6123689090020377
precision_mean:0.22649955237242614
recall_mean:0.6231527093596059
f1_mean:0.33223900196979644

Test average Loss: 0.13358893076578776

Test Result:

macro_auc:0.7249313249016955, micro_auc:0.617078713386412
precision_mean:0.22331624853880047
recall_mean:0.6247798742138365
f1_mean:0.3290275569687334


epoch 16 --------------------------

Epoch 16, Average Loss: 24.580187292212983

Test average Loss: 0.29989298995660274

Valid Result:

macro_auc:0.7233955050163483, micro_auc:0.6139679612296839
precision_mean:0.22997032640949555
recall_mean:0.616710875331565
f1_mean:0.335014409221902

Test average Loss: 0.22251207987467447

Test Result:

macro_auc:0.7234478624115049, micro_auc:0.6189306733436511
precision_mean:0.2268557130942452
recall_mean:0.6158490566037735
f1_mean:0.3315725314912637


epoch 17 --------------------------

Epoch 17, Average Loss: 24.513070784716966

Test average Loss: 0.44018943942323024

Valid Result:

macro_auc:0.7242752879118421, micro_auc:0.615000810964324
precision_mean:0.23388900916504293
recall_mean:0.6140583554376657
f1_mean:0.33875097987980135

Test average Loss: 0.14423327128092447

Test Result:

macro_auc:0.7230592665770404, micro_auc:0.6185446158985032
precision_mean:0.23010191988622897
recall_mean:0.610566037735849
f1_mean:0.3342399724565329


epoch 18 --------------------------

Epoch 18, Average Loss: 24.447587547074278

Test average Loss: 0.1913154173870476

Valid Result:

macro_auc:0.724235889489653, micro_auc:0.6163013471712873
precision_mean:0.2368556511508199
recall_mean:0.6102690413035241
f1_mean:0.34126185304868356

Test average Loss: 0.22094090779622397

Test Result:

macro_auc:0.7234325908063803, micro_auc:0.6206654841416516
precision_mean:0.23386002326483132
recall_mean:0.6069182389937107
f1_mean:0.3376250787208733


epoch 19 --------------------------

Epoch 19, Average Loss: 24.38373223148969

Test average Loss: 0.12321895482588788

Valid Result:

macro_auc:0.7221844835343012, micro_auc:0.6146517973140716
precision_mean:0.24179606823223437
recall_mean:0.5989010989010989
f1_mean:0.3445043866819247

Test average Loss: 0.1923062260945638

Test Result:

macro_auc:0.7225545152234932, micro_auc:0.6137402819480839
precision_mean:0.2395786077927315
recall_mean:0.5978616352201258
f1_mean:0.34207780056857023


epoch 20 --------------------------

Epoch 20, Average Loss: 24.32195939200808

Test average Loss: 0.3096870305586834

Valid Result:

macro_auc:0.7229166951466828, micro_auc:0.6196713222322144
precision_mean:0.2447427640257624
recall_mean:0.5975748389541493
f1_mean:0.34726121662537845

Test average Loss: 0.20805037180582683

Test Result:

macro_auc:0.721724680107284, micro_auc:0.6140431064447731
precision_mean:0.24211445597451967
recall_mean:0.5928301886792453
f1_mean:0.3438138313393639


epoch 21 --------------------------

Epoch 21, Average Loss: 24.261336583065322

Test average Loss: 0.2814845844190948

Valid Result:

macro_auc:0.7221356771068135, micro_auc:0.6198760532738835
precision_mean:0.24880382775119617
recall_mean:0.5911330049261084
f1_mean:0.3502076551801549

Test average Loss: 0.15850420633951823

Test Result:

macro_auc:0.7207716105694205, micro_auc:0.6122710627741529
precision_mean:0.24624656375555085
recall_mean:0.5859119496855346
f1_mean:0.3467579840690836


epoch 22 --------------------------

Epoch 22, Average Loss: 24.20220430248762

Test average Loss: 0.18128546889947386

Valid Result:

macro_auc:0.7203203928844453, micro_auc:0.6196268379902287
precision_mean:0.2524423282160742
recall_mean:0.5826070481242895
f1_mean:0.35225385188155106

Test average Loss: 0.1665966033935547

Test Result:

macro_auc:0.7198300248251942, micro_auc:0.6143388381671048
precision_mean:0.2502716800695501
recall_mean:0.5793710691823899
f1_mean:0.3495484556424072


epoch 23 --------------------------

Epoch 23, Average Loss: 24.14451717855446

Test average Loss: 0.25593975612095426

Valid Result:

macro_auc:0.7195076564267121, micro_auc:0.6187332769882649
precision_mean:0.2583006981099949
recall_mean:0.574838954149299
f1_mean:0.356437969924812

Test average Loss: 0.24386807759602866

Test Result:

macro_auc:0.7188259573855924, micro_auc:0.6103262426013594
precision_mean:0.2563972208100322
recall_mean:0.5709433962264151
f1_mean:0.3538767395626243


epoch 24 --------------------------

Epoch 24, Average Loss: 24.088811908585143

Test average Loss: 0.2197088319428113

Valid Result:

macro_auc:0.7179921611731851, micro_auc:0.619839233238512
precision_mean:0.2627327010888655
recall_mean:0.5668813944676013
f1_mean:0.359054362174487

Test average Loss: 0.1657766342163086

Test Result:

macro_auc:0.717244739046344, micro_auc:0.6101123025184669
precision_mean:0.26127599906520216
recall_mean:0.5625157232704403
f1_mean:0.3568180004787362


epoch 25 --------------------------

Epoch 25, Average Loss: 24.03372438210415

Test average Loss: 0.1754964322459941

Valid Result:

macro_auc:0.7156544830566048, micro_auc:0.6194158583246624
precision_mean:0.26271412088399754
recall_mean:0.5608184918529746
f1_mean:0.3578120278029616

Test average Loss: 0.12484480539957682

Test Result:

macro_auc:0.717915941407116, micro_auc:0.6130696934888205
precision_mean:0.2634649381261049
recall_mean:0.5623899371069182
f1_mean:0.35882825040128413


epoch 26 --------------------------

Epoch 26, Average Loss: 23.98066882308261

Test average Loss: 0.4986808543302575

Valid Result:

macro_auc:0.7145341624256403, micro_auc:0.6189513811150011
precision_mean:0.2692023633677991
recall_mean:0.5524820007578628
f1_mean:0.3620111731843575

Test average Loss: 0.18196949005126953

Test Result:

macro_auc:0.7164354012886327, micro_auc:0.612429363230374
precision_mean:0.2699435444280805
recall_mean:0.5533333333333333
f1_mean:0.36286397756330935


epoch 27 --------------------------

Epoch 27, Average Loss: 23.928710489159087

Test average Loss: 0.2530437002376634

Valid Result:

macro_auc:0.712956843137294, micro_auc:0.6184657308134653
precision_mean:0.2724607527898619
recall_mean:0.5458507010231148
f1_mean:0.3634872571284381

Test average Loss: 0.28091094970703123

Test Result:

macro_auc:0.7163429546165035, micro_auc:0.613207864900177
precision_mean:0.27441130298273153
recall_mean:0.549685534591195
f1_mean:0.36607329842931935


epoch 28 --------------------------

Epoch 28, Average Loss: 23.878740986979814

Test average Loss: 0.32729686036401867

Valid Result:

macro_auc:0.7129096495107147, micro_auc:0.6187449827331889
precision_mean:0.277309295337792
recall_mean:0.5420613868889731
f1_mean:0.3669124719461366

Test average Loss: 0.1888628896077474

Test Result:

macro_auc:0.7148929557978064, micro_auc:0.6116638683037185
precision_mean:0.2785161290322581
recall_mean:0.5430188679245282
f1_mean:0.3681876332622601


epoch 29 --------------------------

Epoch 29, Average Loss: 23.829703874322046

Test average Loss: 0.2407362801688058

Valid Result:

macro_auc:0.7104611105316974, micro_auc:0.6184695442565882
precision_mean:0.27916872835230083
recall_mean:0.5344827586206896
f1_mean:0.3667685106936228

Test average Loss: 0.1132763926188151

Test Result:

macro_auc:0.7139992398904184, micro_auc:0.6122529758695425
precision_mean:0.2810388928969633
recall_mean:0.5389937106918239
f1_mean:0.36944432469715904


epoch 30 --------------------------

Epoch 30, Average Loss: 23.782464451048952

Test average Loss: 0.3327860540273238

Valid Result:

macro_auc:0.7085649558637831, micro_auc:0.6155910916134606
precision_mean:0.2870927578335754
recall_mean:0.524251610458507
f1_mean:0.37101099490480016

Test average Loss: 0.18946589152018228

Test Result:

macro_auc:0.7120367937360246, micro_auc:0.6109305330355919
precision_mean:0.29058171745152356
recall_mean:0.5277987421383648
f1_mean:0.37481018311746317


epoch 31 --------------------------

Epoch 31, Average Loss: 23.73696212464595

Test average Loss: 0.24535488595767896

Valid Result:

macro_auc:0.7081824532483576, micro_auc:0.619165307233725
precision_mean:0.2876498176133403
recall_mean:0.5229253505115574
f1_mean:0.37114233846567607

Test average Loss: 0.08507940928141276

Test Result:

macro_auc:0.7099235368989071, micro_auc:0.6113350398781041
precision_mean:0.28761641945498445
recall_mean:0.5244025157232705
f1_mean:0.3714858543105369


epoch 32 --------------------------

Epoch 32, Average Loss: 23.69171194251315

Test average Loss: 0.3193870466582629

Valid Result:

macro_auc:0.7061063560790998, micro_auc:0.616570433513125
precision_mean:0.29382448537378114
recall_mean:0.5138309965896173
f1_mean:0.3738626964433416

Test average Loss: 0.1777353286743164

Test Result:

macro_auc:0.7081885020816725, micro_auc:0.6136685531415454
precision_mean:0.2960017352324488
recall_mean:0.5149685534591195
f1_mean:0.3759239704329461


epoch 33 --------------------------

Epoch 33, Average Loss: 23.64887637826076

Test average Loss: 0.18752343314034597

Valid Result:

macro_auc:0.7038040827824594, micro_auc:0.6162552622537995
precision_mean:0.29531163816878103
recall_mean:0.5071996968548693
f1_mean:0.3732831346301332

Test average Loss: 0.15427075703938803

Test Result:

macro_auc:0.7068689407673018, micro_auc:0.6096147516086088
precision_mean:0.2984185362265539
recall_mean:0.510314465408805
f1_mean:0.37660710141564163


epoch 34 --------------------------

Epoch 34, Average Loss: 23.606640023539267

Test average Loss: 0.3341867096570073

Valid Result:

macro_auc:0.7036980987227692, micro_auc:0.6138356138334421
precision_mean:0.30039525691699603
recall_mean:0.5039787798408488
f1_mean:0.3764239722634967

Test average Loss: 0.1430499013264974

Test Result:

macro_auc:0.7058595641507714, micro_auc:0.6096513531793225
precision_mean:0.3016194331983806
recall_mean:0.5060377358490566
f1_mean:0.3779594137542277


epoch 35 --------------------------

Epoch 35, Average Loss: 23.566028427792734

Test average Loss: 0.27175992848921793

Valid Result:

macro_auc:0.7004407016882033, micro_auc:0.6154046268456044
precision_mean:0.3012325768920631
recall_mean:0.49545282303902993
f1_mean:0.374668672541013

Test average Loss: 0.15649818420410155

Test Result:

macro_auc:0.702307010272369, micro_auc:0.6132839094157747
precision_mean:0.3029233484232333
recall_mean:0.49660377358490565
f1_mean:0.37630462755564026


epoch 36 --------------------------

Epoch 36, Average Loss: 23.526990098307333

Test average Loss: 0.4199562072753906

Valid Result:

macro_auc:0.6986403550742479, micro_auc:0.611703803013567
precision_mean:0.306703178949875
recall_mean:0.4880636604774536
f1_mean:0.3766907947649338

Test average Loss: 0.18464139302571614

Test Result:

macro_auc:0.7000761988203655, micro_auc:0.6115123473383026
precision_mean:0.307649667405765
recall_mean:0.48867924528301887
f1_mean:0.37758771503547484


epoch 37 --------------------------

Epoch 37, Average Loss: 23.48975965036339

Test average Loss: 0.16897824345802775

Valid Result:

macro_auc:0.6964436434370599, micro_auc:0.6143902507635369
precision_mean:0.3102310231023102
recall_mean:0.4808639636225843
f1_mean:0.37714540456200313

Test average Loss: 0.1888932673136393

Test Result:

macro_auc:0.6978654325839287, micro_auc:0.6111676739890616
precision_mean:0.31097214326321776
recall_mean:0.4816352201257862
f1_mean:0.3779302176380595


epoch 38 --------------------------

Epoch 38, Average Loss: 23.4528878637519

Test average Loss: 0.3460014498963648

Valid Result:

macro_auc:0.6948698953507251, micro_auc:0.6075971981319528
precision_mean:0.314745038934941
recall_mean:0.47480106100795755
f1_mean:0.3785498489425982

Test average Loss: 0.22645289103190105

Test Result:

macro_auc:0.6963669468488153, micro_auc:0.6105794302040364
precision_mean:0.31710183863655445
recall_mean:0.4750943396226415
f1_mean:0.38034338653642824


epoch 39 --------------------------

Epoch 39, Average Loss: 23.417540836144255

Test average Loss: 0.08222330832967953

Valid Result:

macro_auc:0.6945300551593271, micro_auc:0.6098341436399158
precision_mean:0.3198406579285531
recall_mean:0.4715801439939371
f1_mean:0.38116385911179174

Test average Loss: 0.16538831075032553

Test Result:

macro_auc:0.6959561246867557, micro_auc:0.6100540482321594
precision_mean:0.32159383033419026
recall_mean:0.4720754716981132
f1_mean:0.3825688073394496


epoch 40 --------------------------

Epoch 40, Average Loss: 23.383001981028524

Test average Loss: 0.12745205236940968

Valid Result:

macro_auc:0.6935444034042081, micro_auc:0.6101168678982464
precision_mean:0.32125227331774486
recall_mean:0.46854869268662375
f1_mean:0.3811652281134403

Test average Loss: 0.11538197835286458

Test Result:

macro_auc:0.6945923571669335, micro_auc:0.6098987624886568
precision_mean:0.3238700687973526
recall_mean:0.46779874213836475
f1_mean:0.38275099058302886


epoch 41 --------------------------

Epoch 41, Average Loss: 23.349693290740845

Test average Loss: 0.2893317086356027

Valid Result:

macro_auc:0.6906467761722644, micro_auc:0.6099056806384177
precision_mean:0.32425577359498065
recall_mean:0.46021220159151194
f1_mean:0.38045265878299006

Test average Loss: 0.18133832295735677

Test Result:

macro_auc:0.6921718787602292, micro_auc:0.6094046074789384
precision_mean:0.3270811003929975
recall_mean:0.4606289308176101
f1_mean:0.38253421080121175


epoch 42 --------------------------

Epoch 42, Average Loss: 23.31826181525728

Test average Loss: 0.33884145775619817

Valid Result:

macro_auc:0.690043089432268, micro_auc:0.6086640318679231
precision_mean:0.32794237564555584
recall_mean:0.4571807502841986
f1_mean:0.3819246597024375

Test average Loss: 0.11357162475585937

Test Result:

macro_auc:0.691333647158737, micro_auc:0.6099800010284375
precision_mean:0.3298567023399238
recall_mean:0.45748427672955977
f1_mean:0.3833263069139966


epoch 43 --------------------------

Epoch 43, Average Loss: 23.288725355231904

Test average Loss: 0.2797966781927615

Valid Result:

macro_auc:0.68995745738404, micro_auc:0.6084241514653806
precision_mean:0.333425951653237
recall_mean:0.45471769609700646
f1_mean:0.3847386983007374

Test average Loss: 0.17066688537597657

Test Result:

macro_auc:0.6890418772872621, micro_auc:0.6078909641921425
precision_mean:0.3338305211149436
recall_mean:0.45044025157232703
f1_mean:0.38346629544359373


epoch 44 --------------------------

Epoch 44, Average Loss: 23.258932208634942

Test average Loss: 0.2690412560287787

Valid Result:

macro_auc:0.6889094439937989, micro_auc:0.6084879643711915
precision_mean:0.33473743330525135
recall_mean:0.45168624478969305
f1_mean:0.38451612903225807

Test average Loss: 0.13863717397054037

Test Result:

macro_auc:0.6878188784193389, micro_auc:0.6080649351435624
precision_mean:0.3344305464121132
recall_mean:0.4472955974842767
f1_mean:0.3827153850293279


epoch 45 --------------------------

Epoch 45, Average Loss: 23.23027047503042

Test average Loss: 0.3072595790940888

Valid Result:

macro_auc:0.6855232148866747, micro_auc:0.6072457144078424
precision_mean:0.3408458949217035
recall_mean:0.44126563092080334
f1_mean:0.38460903311039546

Test average Loss: 0.1622814687093099

Test Result:

macro_auc:0.6841878726477661, micro_auc:0.6062528647813354
precision_mean:0.34103648343003246
recall_mean:0.4362264150943396
f1_mean:0.3828025829240024


epoch 46 --------------------------

Epoch 46, Average Loss: 23.2028871019523

Test average Loss: 0.23716177259172713

Valid Result:

macro_auc:0.6856863765785672, micro_auc:0.6076234958165002
precision_mean:0.3455357142857143
recall_mean:0.4399393709738537
f1_mean:0.38706451075179193

Test average Loss: 0.22808492024739582

Test Result:

macro_auc:0.6830850208931427, micro_auc:0.605514108707557
precision_mean:0.3436220157826391
recall_mean:0.4327044025157233
f1_mean:0.3830521685874951


epoch 47 --------------------------

Epoch 47, Average Loss: 23.177151218353515

Test average Loss: 0.4252074105398996

Valid Result:

macro_auc:0.6838067723199742, micro_auc:0.6063920103963835
precision_mean:0.3474114441416894
recall_mean:0.4348237968927624
f1_mean:0.3862335913833726

Test average Loss: 0.17618502298990885

Test Result:

macro_auc:0.6823717934389475, micro_auc:0.6058726619132451
precision_mean:0.346403242147923
recall_mean:0.430062893081761
f1_mean:0.3837261503928171


epoch 48 --------------------------

Epoch 48, Average Loss: 23.151979482506377

Test average Loss: 0.28519665465062977

Valid Result:

macro_auc:0.6816339838962597, micro_auc:0.6055337462408229
precision_mean:0.34954454222633935
recall_mean:0.42895035998484277
f1_mean:0.3851977881752446

Test average Loss: 0.20064212799072265

Test Result:

macro_auc:0.6805403203553665, micro_auc:0.6049013393081982
precision_mean:0.34929664873810506
recall_mean:0.42477987421383645
f1_mean:0.38335792939039615


epoch 49 --------------------------

Epoch 49, Average Loss: 23.127801353712957

Test average Loss: 0.23694061746402661

Valid Result:

macro_auc:0.6826946692936376, micro_auc:0.6072373789222465
precision_mean:0.3530234727187937
recall_mean:0.43027661993179234
f1_mean:0.3878404918452737

Test average Loss: 0.20244103749593098

Test Result:

macro_auc:0.6783717849055457, micro_auc:0.6041400017989925
precision_mean:0.34946574481458204
recall_mean:0.41962264150943396
f1_mean:0.38134430727023316


epoch 50 --------------------------

Epoch 50, Average Loss: 23.10419933349488

Test average Loss: 0.436572366831254

Valid Result:

macro_auc:0.681033330757972, micro_auc:0.6054013771549195
precision_mean:0.3567000476871722
recall_mean:0.425161045850701
f1_mean:0.38793326994554417

Test average Loss: 0.2093290328979492

Test Result:

macro_auc:0.6772262909779209, micro_auc:0.602719061109543
precision_mean:0.35244591282105936
recall_mean:0.41597484276729557
f1_mean:0.381584261235793


epoch 51 --------------------------

Epoch 51, Average Loss: 23.082248455974685

Test average Loss: 0.2620764751823581

Valid Result:

macro_auc:0.6788827375467578, micro_auc:0.6044734944277333
precision_mean:0.35990888382687924
recall_mean:0.41909814323607425
f1_mean:0.3872549019607843

Test average Loss: 0.05560579299926758

Test Result:

macro_auc:0.6758272900609622, micro_auc:0.6022344940049369
precision_mean:0.3585464924799649
recall_mean:0.4108176100628931
f1_mean:0.3829063837270649


epoch 52 --------------------------

Epoch 52, Average Loss: 23.060882914113808

Test average Loss: 0.2816606249128069

Valid Result:

macro_auc:0.6759676767049956, micro_auc:0.6024694713726622
precision_mean:0.3617446312635259
recall_mean:0.4117089806744979
f1_mean:0.3851129818342933

Test average Loss: 0.1453727340698242

Test Result:

macro_auc:0.6734751380930483, micro_auc:0.6021070361053379
precision_mean:0.35867750194812426
recall_mean:0.4052830188679245
f1_mean:0.38055867241481134


epoch 53 --------------------------

Epoch 53, Average Loss: 23.038846270496627

Test average Loss: 0.20890185297751912

Valid Result:

macro_auc:0.6779894378436514, micro_auc:0.6045052131136545
precision_mean:0.363591187675998
recall_mean:0.4158772262220538
f1_mean:0.38798055678303134

Test average Loss: 0.19529774983723958

Test Result:

macro_auc:0.6733991971852, micro_auc:0.5953949874960537
precision_mean:0.35807957323849743
recall_mean:0.4052830188679245
f1_mean:0.3802218550861458


epoch 54 --------------------------

Epoch 54, Average Loss: 23.01827640837407

Test average Loss: 0.26756646681805046

Valid Result:

macro_auc:0.6768641252098754, micro_auc:0.6038362555655288
precision_mean:0.3688051595383571
recall_mean:0.4117089806744979
f1_mean:0.38907788719785136

Test average Loss: 0.10353155771891276

Test Result:

macro_auc:0.6711239738345521, micro_auc:0.5999028151304425
precision_mean:0.3627518315018315
recall_mean:0.39861635220125785
f1_mean:0.37983938631187825


epoch 55 --------------------------

Epoch 55, Average Loss: 22.998762099391435

Test average Loss: 0.17562198638916016

Valid Result:

macro_auc:0.6742566485413445, micro_auc:0.6033981142256034
precision_mean:0.37145836954632366
recall_mean:0.4048882152330428
f1_mean:0.38745354002356996

Test average Loss: 0.19595231374104818

Test Result:

macro_auc:0.6703206050003568, micro_auc:0.5955822780975222
precision_mean:0.369642016015073
recall_mean:0.3948427672955975
f1_mean:0.38182702834205084


epoch 56 --------------------------

Epoch 56, Average Loss: 22.979198928848206

Test average Loss: 0.3085386899052834

Valid Result:

macro_auc:0.6742476629362838, micro_auc:0.6044060261386258
precision_mean:0.37206061661731404
recall_mean:0.4046987495263357
f1_mean:0.3876939831200653

Test average Loss: 0.19318511962890625

Test Result:

macro_auc:0.6689916594912857, micro_auc:0.5946218987262313
precision_mean:0.36433566433566433
recall_mean:0.3932075471698113
f1_mean:0.3782214156079855


epoch 57 --------------------------

Epoch 57, Average Loss: 22.96114020518573

Test average Loss: 0.31099588043835696

Valid Result:

macro_auc:0.6735060433186036, micro_auc:0.6036842268981609
precision_mean:0.3754423213021939
recall_mean:0.4020462296324365
f1_mean:0.3882891125343092

Test average Loss: 0.2564781951904297

Test Result:

macro_auc:0.6684548454725113, micro_auc:0.600311376076078
precision_mean:0.3685209346459495
recall_mean:0.39081761006289306
f1_mean:0.3793419205176729


epoch 58 --------------------------

Epoch 58, Average Loss: 22.942731366214524

Test average Loss: 0.09697355542864118

Valid Result:

macro_auc:0.6728520141502544, micro_auc:0.6000202500571301
precision_mean:0.3833394094057601
recall_mean:0.3984463812050019
f1_mean:0.39074693422519513

Test average Loss: 0.1761231740315755

Test Result:

macro_auc:0.6670478594566553, micro_auc:0.5988907416035638
precision_mean:0.37530592266275087
recall_mean:0.38578616352201256
f1_mean:0.38047388661456394


epoch 59 --------------------------

Epoch 59, Average Loss: 22.926099535953476

Test average Loss: 0.14337658395572583

Valid Result:

macro_auc:0.6719892424643413, micro_auc:0.6011832920495258
precision_mean:0.38371239911958915
recall_mean:0.39636225843122397
f1_mean:0.3899347623485555

Test average Loss: 0.2115801747639974

Test Result:

macro_auc:0.6676442735556436, micro_auc:0.5955422445895608
precision_mean:0.37626911314984707
recall_mean:0.3869182389937107
f1_mean:0.38151937984496126


epoch 60 --------------------------

Epoch 60, Average Loss: 22.90977886853465

Test average Loss: 0.2728944311336595

Valid Result:

macro_auc:0.670497555224223, micro_auc:0.6020587092580989
precision_mean:0.3866268210683601
recall_mean:0.39219401288366806
f1_mean:0.3893905191873589

Test average Loss: 0.18168402353922525

Test Result:

macro_auc:0.6659117089671852, micro_auc:0.5983976073991173
precision_mean:0.3783918347025143
recall_mean:0.38238993710691827
f1_mean:0.38038038038038047


epoch 61 --------------------------

Epoch 61, Average Loss: 22.894007775888024

Test average Loss: 0.39872609352578925

Valid Result:

macro_auc:0.6698134204389183, micro_auc:0.5984412787298802
precision_mean:0.3841145833333333
recall_mean:0.3912466843501326
f1_mean:0.3876478318002628

Test average Loss: 0.21569292704264323

Test Result:

macro_auc:0.6661371856420548, micro_auc:0.5935806598724371
precision_mean:0.3774473358116481
recall_mean:0.3831446540880503
f1_mean:0.38027465667915106


epoch 62 --------------------------

Epoch 62, Average Loss: 22.8783195332227

Test average Loss: 0.44501666633450254

Valid Result:

macro_auc:0.6690945336340414, micro_auc:0.6023222921816411
precision_mean:0.38355398098079435
recall_mean:0.38973095869647595
f1_mean:0.38661779907903393

Test average Loss: 0.2442320760091146

Test Result:

macro_auc:0.6647029105714137, micro_auc:0.5985550988225533
precision_mean:0.37527922561429633
recall_mean:0.38037735849056603
f1_mean:0.3778110944527736


epoch 63 --------------------------

Epoch 63, Average Loss: 22.864060405716003

Test average Loss: 0.4650097671820193

Valid Result:

macro_auc:0.6676148656006923, micro_auc:0.6012805932446748
precision_mean:0.3889739663093415
recall_mean:0.3849943160287988
f1_mean:0.3869739097314797

Test average Loss: 0.174801762898763

Test Result:

macro_auc:0.6628599536941956, micro_auc:0.5982297602235973
precision_mean:0.3810437452033768
recall_mean:0.37471698113207547
f1_mean:0.3778538812785388


epoch 64 --------------------------

Epoch 64, Average Loss: 22.849706288827843

Test average Loss: 0.2509801047188895

Valid Result:

macro_auc:0.6650367265486844, micro_auc:0.5998753687644581
precision_mean:0.3887701573732271
recall_mean:0.3791208791208791
f1_mean:0.38388489208633086

Test average Loss: 0.19683333079020182

Test Result:

macro_auc:0.6617699440724666, micro_auc:0.5969344268381558
precision_mean:0.38214008787800463
recall_mean:0.3719496855345912
f1_mean:0.37697603263641005


epoch 65 --------------------------

Epoch 65, Average Loss: 22.83647777359799

Test average Loss: 0.13821432541827766

Valid Result:

macro_auc:0.6655859620580138, micro_auc:0.5956541731908709
precision_mean:0.39171227521501173
recall_mean:0.3796892762410004
f1_mean:0.38560708100827396

Test average Loss: 0.20724833170572918

Test Result:

macro_auc:0.6612691454670538, micro_auc:0.5909975745282188
precision_mean:0.38475617727807554
recall_mean:0.37018867924528304
f1_mean:0.37733188024873393


epoch 66 --------------------------

Epoch 66, Average Loss: 22.823300542109514

Test average Loss: 0.15293480425464864

Valid Result:

macro_auc:0.6654336291722199, micro_auc:0.5961270973078001
precision_mean:0.38782608695652177
recall_mean:0.38025767336112165
f1_mean:0.3840045919831628

Test average Loss: 0.20683499654134116

Test Result:

macro_auc:0.6630089131381846, micro_auc:0.5986577625088573
precision_mean:0.38195334529607794
recall_mean:0.37484276729559746
f1_mean:0.3783646521076689


epoch 67 --------------------------

Epoch 67, Average Loss: 22.81023012024473

Test average Loss: 0.28341859700728433

Valid Result:

macro_auc:0.6649006368720387, micro_auc:0.5965160334385456
precision_mean:0.3898536585365854
recall_mean:0.37855248200075786
f1_mean:0.3841199653945977

Test average Loss: 0.18530991872151692

Test Result:

macro_auc:0.6601954766729592, micro_auc:0.5922860310495358
precision_mean:0.3806493506493506
recall_mean:0.3686792452830189
f1_mean:0.37456869009584665


epoch 68 --------------------------

Epoch 68, Average Loss: 22.797862600045374

Test average Loss: 0.3766625462746134

Valid Result:

macro_auc:0.663551644112286, micro_auc:0.594483610539016
precision_mean:0.392850049652433
recall_mean:0.3747631678666161
f1_mean:0.38359352273829145

Test average Loss: 0.136254399617513

Test Result:

macro_auc:0.6602217780183263, micro_auc:0.5964586895153248
precision_mean:0.38579350409294955
recall_mean:0.36754716981132074
f1_mean:0.3764493687194022


epoch 69 --------------------------

Epoch 69, Average Loss: 22.78609514806375

Test average Loss: 0.4188468310297752

Valid Result:

macro_auc:0.663061851836435, micro_auc:0.5976080329840184
precision_mean:0.3979757085020243
recall_mean:0.3724895793861311
f1_mean:0.3848111176355451

Test average Loss: 0.1751642354329427

Test Result:

macro_auc:0.6592447124272248, micro_auc:0.5964852301112235
precision_mean:0.39040172553248853
recall_mean:0.36427672955974844
f1_mean:0.3768870380010411


epoch 70 --------------------------

Epoch 70, Average Loss: 22.77472634714438

Test average Loss: 0.27186397630341197

Valid Result:

macro_auc:0.6616337166321092, micro_auc:0.5935221231187031
precision_mean:0.401279141737157
recall_mean:0.3685107995452823
f1_mean:0.3841975308641975

Test average Loss: 0.21912760416666666

Test Result:

macro_auc:0.658595736394048, micro_auc:0.5959911125007635
precision_mean:0.3934135009565455
recall_mean:0.3621383647798742
f1_mean:0.37712863505370703


epoch 71 --------------------------

Epoch 71, Average Loss: 22.762882120580787

Test average Loss: 0.3371718270438058

Valid Result:

macro_auc:0.6620450192637548, micro_auc:0.5949175130417466
precision_mean:0.4012345679012346
recall_mean:0.3694581280788177
f1_mean:0.38469126060366937

Test average Loss: 0.13804025014241536

Test Result:

macro_auc:0.6573696094612246, micro_auc:0.5949657599282994
precision_mean:0.3903436988543372
recall_mean:0.36
f1_mean:0.3745583038869258


epoch 72 --------------------------

Epoch 72, Average Loss: 22.752019374968995

Test average Loss: 0.47638577831034756

Valid Result:

macro_auc:0.6608182537728405, micro_auc:0.5948034665538083
precision_mean:0.3962033067973056
recall_mean:0.36775293671845394
f1_mean:0.3814483639579444

Test average Loss: 0.2264899698893229

Test Result:

macro_auc:0.657747544274823, micro_auc:0.5957956900092813
precision_mean:0.38798109385550306
recall_mean:0.36138364779874216
f1_mean:0.3742103549332465


epoch 73 --------------------------

Epoch 73, Average Loss: 22.74282439866389

Test average Loss: 0.16974949350162427

Valid Result:

macro_auc:0.6598434308238201, micro_auc:0.5945450665227825
precision_mean:0.4034866624658685
recall_mean:0.36396362258431225
f1_mean:0.3827074409801773

Test average Loss: 0.23983294169108074

Test Result:

macro_auc:0.6560794368005755, micro_auc:0.5944120617532619
precision_mean:0.39301067813063373
recall_mean:0.35647798742138365
f1_mean:0.37385396741639726


epoch 74 --------------------------

Epoch 74, Average Loss: 22.73372122016086

Test average Loss: 0.24516438464729154

Valid Result:

macro_auc:0.660679783294854, micro_auc:0.5936861532962545
precision_mean:0.39909297052154197
recall_mean:0.36680560818491853
f1_mean:0.3822687333399151

Test average Loss: 0.2091897710164388

Test Result:

macro_auc:0.6574780670876945, micro_auc:0.5945490616144475
precision_mean:0.3909066084107045
recall_mean:0.36012578616352203
f1_mean:0.3748854262144821


epoch 75 --------------------------

Epoch 75, Average Loss: 22.725140797664444

Test average Loss: 0.25191238948277067

Valid Result:

macro_auc:0.6582917627499209, micro_auc:0.5930540279601381
precision_mean:0.40472642111986373
recall_mean:0.3601743084501705
f1_mean:0.3811528822055137

Test average Loss: 0.15248102823893228

Test Result:

macro_auc:0.6563240117381399, micro_auc:0.5940048333179755
precision_mean:0.3980869320579547
recall_mean:0.3559748427672956
f1_mean:0.375854970449565


epoch 76 --------------------------

Epoch 76, Average Loss: 22.717043016061364

Test average Loss: 0.24672315558608698

Valid Result:

macro_auc:0.659418918584735, micro_auc:0.5939925299594655
precision_mean:0.40159128978224456
recall_mean:0.363395225464191
f1_mean:0.38153968569723495

Test average Loss: 0.1795594024658203

Test Result:

macro_auc:0.6555264468908136, micro_auc:0.5931343283690388
precision_mean:0.3929863623712775
recall_mean:0.3552201257861635
f1_mean:0.3731501057082452


epoch 77 --------------------------

Epoch 77, Average Loss: 22.709133028509132

Test average Loss: 0.2579030601345763

Valid Result:

macro_auc:0.6590489727763814, micro_auc:0.5938889994144589
precision_mean:0.4002926421404682
recall_mean:0.3628268283440697
f1_mean:0.3806400318028225

Test average Loss: 0.22935218811035157

Test Result:

macro_auc:0.6550160991540533, micro_auc:0.5932543310015872
precision_mean:0.3928272397432319
recall_mean:0.3540880503144654
f1_mean:0.3724530299020905


epoch 78 --------------------------

Epoch 78, Average Loss: 22.70108802385064

Test average Loss: 0.24165624501753827

Valid Result:

macro_auc:0.6585591805005304, micro_auc:0.5944956124100634
precision_mean:0.4058434634250373
recall_mean:0.3605532398635847
f1_mean:0.3818601384569078

Test average Loss: 0.18258878072102866

Test Result:

macro_auc:0.6547756399908068, micro_auc:0.5933805227967578
precision_mean:0.3980679073732064
recall_mean:0.35245283018867923
f1_mean:0.373874174394556


epoch 79 --------------------------

Epoch 79, Average Loss: 22.693213260506255

Test average Loss: 0.2690219489895568

Valid Result:

macro_auc:0.6574577910802278, micro_auc:0.5937294463035426
precision_mean:0.40751133175048565
recall_mean:0.3577112542629784
f1_mean:0.3809908182827162

Test average Loss: 0.2324926249186198

Test Result:

macro_auc:0.6528946922813915, micro_auc:0.5923786302288279
precision_mean:0.39679129064603924
recall_mean:0.3484276729559748
f1_mean:0.37104011787556085


epoch 80 --------------------------

Epoch 80, Average Loss: 22.68650053411841

Test average Loss: 0.24881701566735093

Valid Result:

macro_auc:0.6566309618145577, micro_auc:0.5926929076427953
precision_mean:0.40477727566171723
recall_mean:0.3563849943160288
f1_mean:0.3790428211586902

Test average Loss: 0.18963746388753255

Test Result:

macro_auc:0.654141646446007, micro_auc:0.5917823556861204
precision_mean:0.39715504978662874
recall_mean:0.3511949685534591
f1_mean:0.3727636849132176


epoch 81 --------------------------

Epoch 81, Average Loss: 22.679936188625625

Test average Loss: 0.33675509083027744

Valid Result:

macro_auc:0.6571657973157771, micro_auc:0.5931147153215269
precision_mean:0.40703951630317425
recall_mean:0.35714285714285715
f1_mean:0.38046220607528514

Test average Loss: 0.17830674489339193

Test Result:

macro_auc:0.6525405070712926, micro_auc:0.591667672860002
precision_mean:0.39715394566623546
recall_mean:0.3475471698113208
f1_mean:0.3706983296437915


epoch 82 --------------------------

Epoch 82, Average Loss: 22.67384367255101

Test average Loss: 0.37062656636140784

Valid Result:

macro_auc:0.6554504299496822, micro_auc:0.5922820625700135
precision_mean:0.4064952048823017
recall_mean:0.3533535430087154
f1_mean:0.3780660855463207

Test average Loss: 0.2465253448486328

Test Result:

macro_auc:0.6513319143687138, micro_auc:0.5907482387066063
precision_mean:0.39785102366777986
recall_mean:0.34465408805031444
f1_mean:0.3693469030127384


epoch 83 --------------------------

Epoch 83, Average Loss: 22.66781358984837

Test average Loss: 0.31885331990767496

Valid Result:

macro_auc:0.6569522931955315, micro_auc:0.5912040803805955
precision_mean:0.40097643812354067
recall_mean:0.3579007199696855
f1_mean:0.3782160376414056

Test average Loss: 0.22763824462890625

Test Result:

macro_auc:0.6525323162792025, micro_auc:0.589982577319195
precision_mean:0.39215963770166995
recall_mean:0.34855345911949687
f1_mean:0.36907298881193396


epoch 84 --------------------------

Epoch 84, Average Loss: 22.66204521285585

Test average Loss: 0.30144204898756377

Valid Result:

macro_auc:0.6557880045398041, micro_auc:0.5952343143007817
precision_mean:0.4084445416757821
recall_mean:0.3537324744221296
f1_mean:0.37912478424205504

Test average Loss: 0.13731458028157553

Test Result:

macro_auc:0.6514121359875269, micro_auc:0.591486568454516
precision_mean:0.3975065236300377
recall_mean:0.3449056603773585
f1_mean:0.3693426724137931


epoch 85 --------------------------

Epoch 85, Average Loss: 22.655606184347693

Test average Loss: 0.2543525695800781

Valid Result:

macro_auc:0.6534940640478569, micro_auc:0.591543445073234
precision_mean:0.40893929286190794
recall_mean:0.3484274346343312
f1_mean:0.37626598465473143

Test average Loss: 0.16551097869873047

Test Result:

macro_auc:0.6498855791814034, micro_auc:0.5899063997779479
precision_mean:0.40029542097488924
recall_mean:0.34088050314465407
f1_mean:0.36820652173913043


epoch 86 --------------------------

Epoch 86, Average Loss: 22.649581155928956

Test average Loss: 0.22380151554029815

Valid Result:

macro_auc:0.651857839126335, micro_auc:0.5908633345234636
precision_mean:0.408346421359659
recall_mean:0.3448275862068966
f1_mean:0.3739085772984078

Test average Loss: 0.23628389994303386

Test Result:

macro_auc:0.6493413563867642, micro_auc:0.5905059739631362
precision_mean:0.4023571535133522
recall_mean:0.3392452830188679
f1_mean:0.3681157442162014


epoch 87 --------------------------

Epoch 87, Average Loss: 22.644296826594378

Test average Loss: 0.3652107861577248

Valid Result:

macro_auc:0.651726511052371, micro_auc:0.5942316584437249
precision_mean:0.4058390907064854
recall_mean:0.34501705191360366
f1_mean:0.3729646697388633

Test average Loss: 0.14702059427897135

Test Result:

macro_auc:0.6494352021546967, micro_auc:0.5905112130378173
precision_mean:0.39955654101995564
recall_mean:0.34
f1_mean:0.36738022426095823


epoch 88 --------------------------

Epoch 88, Average Loss: 22.639816723021852

Test average Loss: 0.30969224657331196

Valid Result:

macro_auc:0.6525203162994422, micro_auc:0.5934159319405489
precision_mean:0.40347787805414925
recall_mean:0.3472906403940887
f1_mean:0.37328174320333973

Test average Loss: 0.19507293701171874

Test Result:

macro_auc:0.6501941998467936, micro_auc:0.5909075516977179
precision_mean:0.3993826253123622
recall_mean:0.34176100628930817
f1_mean:0.36833186470548357


epoch 89 --------------------------

Epoch 89, Average Loss: 22.635417548783746

Test average Loss: 0.40810382609464685

Valid Result:

macro_auc:0.6525419739116396, micro_auc:0.5913664417710012
precision_mean:0.41149943630214203
recall_mean:0.345774914740432
f1_mean:0.37578503037166683

Test average Loss: 0.2192919413248698

Test Result:

macro_auc:0.6492922931473154, micro_auc:0.5898918595472703
precision_mean:0.4044150773389398
recall_mean:0.3387421383647799
f1_mean:0.36867684304196047


epoch 90 --------------------------

Epoch 90, Average Loss: 22.631206187593985

Test average Loss: 0.4095096198879943

Valid Result:

macro_auc:0.6508169681401165, micro_auc:0.5902655140742609
precision_mean:0.40592061000224267
recall_mean:0.3429329291398257
f1_mean:0.37177775495532506

Test average Loss: 0.298658192952474

Test Result:

macro_auc:0.648923496078679, micro_auc:0.589900438817728
precision_mean:0.40134228187919463
recall_mean:0.33849056603773586
f1_mean:0.36724667349027634


epoch 91 --------------------------

Epoch 91, Average Loss: 22.6270523375249

Test average Loss: 0.41226063942422675

Valid Result:

macro_auc:0.651349422839995, micro_auc:0.5900279913981705
precision_mean:0.41023318994792846
recall_mean:0.34331186055323987
f1_mean:0.3738009283135637

Test average Loss: 0.1447711690266927

Test Result:

macro_auc:0.6487443659647435, micro_auc:0.5894139252625041
precision_mean:0.4044926880747776
recall_mean:0.3374842767295598
f1_mean:0.36796269629020095


epoch 92 --------------------------

Epoch 92, Average Loss: 22.623194671722047

Test average Loss: 0.42113891912966356

Valid Result:

macro_auc:0.6496418506782903, micro_auc:0.5901014993304677
precision_mean:0.40978733135147494
recall_mean:0.3395225464190981
f1_mean:0.3713604807791938

Test average Loss: 0.11508600870768229

Test Result:

macro_auc:0.6474360827508172, micro_auc:0.5899723629339975
precision_mean:0.4068004288558738
recall_mean:0.3340880503144654
f1_mean:0.36687616548104157


epoch 93 --------------------------

Epoch 93, Average Loss: 22.620004719472025

Test average Loss: 0.32806824664680323

Valid Result:

macro_auc:0.6525791067325529, micro_auc:0.5917343779849675
precision_mean:0.4070284697508897
recall_mean:0.3467222432739674
f1_mean:0.374462860650706

Test average Loss: 0.13436373392740886

Test Result:

macro_auc:0.6478650154661539, micro_auc:0.5901138679847522
precision_mean:0.3967125721901377
recall_mean:0.3369811320754717
f1_mean:0.364415425423383


epoch 94 --------------------------

Epoch 94, Average Loss: 22.615587202201326

Test average Loss: 0.33746781641123247

Valid Result:

macro_auc:0.6491004103733511, micro_auc:0.5898197747691674
precision_mean:0.4063138769021122
recall_mean:0.3389541492989769
f1_mean:0.3695899183968598

Test average Loss: 0.19158166249593098

Test Result:

macro_auc:0.6457204353130253, micro_auc:0.5884288367182646
precision_mean:0.40009110233829337
recall_mean:0.3314465408805031
f1_mean:0.36254815630159604


epoch 95 --------------------------

Epoch 95, Average Loss: 22.61114266479158

Test average Loss: 0.22895254407610213

Valid Result:

macro_auc:0.64985946360085, micro_auc:0.592833862749679
precision_mean:0.4064195298372514
recall_mean:0.34065934065934067
f1_mean:0.37064522778808495

Test average Loss: 0.20027778625488282

Test Result:

macro_auc:0.6459315058225501, micro_auc:0.5892608097265041
precision_mean:0.399969687784177
recall_mean:0.3319496855345912
f1_mean:0.3627990101732197


epoch 96 --------------------------

Epoch 96, Average Loss: 22.607348455375885

Test average Loss: 0.35081045968191965

Valid Result:

macro_auc:0.6536738913491356, micro_auc:0.5925491043940967
precision_mean:0.40429259745948315
recall_mean:0.3497536945812808
f1_mean:0.3750507923608289

Test average Loss: 0.1428546651204427

Test Result:

macro_auc:0.6487982862381892, micro_auc:0.5888154552904423
precision_mean:0.39793205317577546
recall_mean:0.3388679245283019
f1_mean:0.36603260869565213


epoch 97 --------------------------

Epoch 97, Average Loss: 22.60391470350592

Test average Loss: 0.4405546772236727

Valid Result:

macro_auc:0.6502161998017637, micro_auc:0.591559436448054
precision_mean:0.4057155715571557
recall_mean:0.3416066691928761
f1_mean:0.37091133511623126

Test average Loss: 0.2483588155110677

Test Result:

macro_auc:0.6471315371031992, micro_auc:0.5871085043767812
precision_mean:0.4017533252720677
recall_mean:0.33433962264150946
f1_mean:0.3649594947137169


epoch 98 --------------------------

Epoch 98, Average Loss: 22.600485041796922

Test average Loss: 0.2809019088745117

Valid Result:

macro_auc:0.650176033379142, micro_auc:0.5897175296193902
precision_mean:0.40622182146077546
recall_mean:0.341417203486169
f1_mean:0.3710109120856495

Test average Loss: 0.25859893798828126

Test Result:

macro_auc:0.6467976028018598, micro_auc:0.5877598815824432
precision_mean:0.40239829993928355
recall_mean:0.33345911949685536
f1_mean:0.364699408446829


epoch 99 --------------------------

Epoch 99, Average Loss: 22.596584289672364

Test average Loss: 0.16702975059042172

Valid Result:

macro_auc:0.6492431048537166, micro_auc:0.5922409913429686
precision_mean:0.40603037859895713
recall_mean:0.33933308071239104
f1_mean:0.3696975952110641

Test average Loss: 0.13558190663655598

Test Result:

macro_auc:0.6451869142957979, micro_auc:0.5874025709734271
precision_mean:0.39899756986634266
recall_mean:0.33044025157232704
f1_mean:0.36149717902848494

Best Eval Epoch:17, best_Macro_auc:0.7242752879118421
Best Test Epoch:15, best_Macro_auc:0.7249313249016955
